<?xml version="1.0" encoding="UTF-8"?>
<testng-results skipped="0" failed="0" ignored="0" total="1" passed="1">
  <reporter-output>
  </reporter-output>
  <suite name="Default suite" duration-ms="821" started-at="2019-04-12T23:53:13Z" finished-at="2019-04-12T23:53:14Z">
    <groups>
    </groups>
    <test name="Default test" duration-ms="821" started-at="2019-04-12T23:53:13Z" finished-at="2019-04-12T23:53:14Z">
      <class name="site.json.tests.JsonTest">
        <test-method status="PASS" signature="test()[pri:0, instance:site.json.tests.JsonTest@100fc185]" name="test" duration-ms="801" started-at="2019-04-12T23:53:13Z" finished-at="2019-04-12T23:53:14Z">
          <reporter-output>
          </reporter-output>
        </test-method> <!-- test -->
      </class> <!-- site.json.tests.JsonTest -->
    </test> <!-- Default test -->
  </suite> <!-- Default suite -->
</testng-results>
